<?xml version="1.0" encoding="UTF-8"?>
<testng-results skipped="3" failed="4" ignored="0" total="11" passed="4">
  <reporter-output>
  </reporter-output>
  <suite name="Default suite" duration-ms="34473" started-at="2020-12-08T05:43:58Z" finished-at="2020-12-08T05:44:33Z">
    <groups>
      <group name="admin">
        <method signature="GroupTest.adminModule1()[pri:0, instance:com.orangehrmpluging.GroupTest@419c5f1a]" name="adminModule1" class="com.orangehrmpluging.GroupTest"/>
        <method signature="GroupTest.adminModule2()[pri:0, instance:com.orangehrmpluging.GroupTest@419c5f1a]" name="adminModule2" class="com.orangehrmpluging.GroupTest"/>
        <method signature="GroupTest.leaveModule1()[pri:0, instance:com.orangehrmpluging.GroupTest@419c5f1a]" name="leaveModule1" class="com.orangehrmpluging.GroupTest"/>
        <method signature="GroupTest.leaveModule2()[pri:0, instance:com.orangehrmpluging.GroupTest@419c5f1a]" name="leaveModule2" class="com.orangehrmpluging.GroupTest"/>
      </group> <!-- admin -->
    </groups>
    <test name="Default test" duration-ms="34473" started-at="2020-12-08T05:43:58Z" finished-at="2020-12-08T05:44:33Z">
      <class name="com.orangehrmpluging.TestsNGDemo">
        <test-method status="FAIL" signature="openBrowser()[pri:0, instance:com.orangehrmpluging.TestsNGDemo@163e4e87]" name="openBrowser" is-config="true" duration-ms="16029" started-at="2020-12-08T05:43:58Z" finished-at="2020-12-08T05:44:14Z">
          <exception class="org.openqa.selenium.SessionNotCreatedException">
            <message>
              <![CDATA[session not created
from chrome not reachable
  (Session info: chrome=87.0.4280.88)
Build info: version: '3.141.59', revision: 'e82be7d358', time: '2018-11-14T08:17:03'
System info: host: 'DESKTOP-VF27SS2', ip: '192.168.49.1', os.name: 'Windows 10', os.arch: 'amd64', os.version: '10.0', java.version: '1.8.0_261'
Driver info: driver.version: ChromeDriver
remote stacktrace: Backtrace:
Ordinal0 [0x009BC013+3194899]
Ordinal0 [0x008A6021+2056225]
Ordinal0 [0x0073F4B0+586928]
Ordinal0 [0x00735894+546964]
Ordinal0 [0x00735F2C+548652]
Ordinal0 [0x00737175+553333]
Ordinal0 [0x0073241E+533534]
Ordinal0 [0x00740620+591392]
Ordinal0 [0x006E2A0C+207372]
Ordinal0 [0x006E1D0D+204045]
Ordinal0 [0x006DFC1B+195611]
Ordinal0 [0x006C3B7F+80767]
Ordinal0 [0x006C4B4E+84814]
Ordinal0 [0x006C4AD9+84697]
Ordinal0 [0x008BCE64+2149988]
GetHandleVerifier [0x00B2BE95+1400773]
GetHandleVerifier [0x00B2BB61+1399953]
GetHandleVerifier [0x00B331FA+1430314]
GetHandleVerifier [0x00B2C69F+1402831]
Ordinal0 [0x008B3D61+2112865]
Ordinal0 [0x008BE5CB+2155979]
Ordinal0 [0x008BE6F5+2156277]
Ordinal0 [0x008CF26E+2224750]
BaseThreadInitThunk [0x75856359+25]
RtlGetAppContainerNamedObjectPath [0x77AA8944+228]
RtlGetAppContainerNamedObjectPath [0x77AA8914+180]
]]>
            </message>
            <full-stacktrace>
              <![CDATA[org.openqa.selenium.SessionNotCreatedException: session not created
from chrome not reachable
  (Session info: chrome=87.0.4280.88)
Build info: version: '3.141.59', revision: 'e82be7d358', time: '2018-11-14T08:17:03'
System info: host: 'DESKTOP-VF27SS2', ip: '192.168.49.1', os.name: 'Windows 10', os.arch: 'amd64', os.version: '10.0', java.version: '1.8.0_261'
Driver info: driver.version: ChromeDriver
remote stacktrace: Backtrace:
Ordinal0 [0x009BC013+3194899]
Ordinal0 [0x008A6021+2056225]
Ordinal0 [0x0073F4B0+586928]
Ordinal0 [0x00735894+546964]
Ordinal0 [0x00735F2C+548652]
Ordinal0 [0x00737175+553333]
Ordinal0 [0x0073241E+533534]
Ordinal0 [0x00740620+591392]
Ordinal0 [0x006E2A0C+207372]
Ordinal0 [0x006E1D0D+204045]
Ordinal0 [0x006DFC1B+195611]
Ordinal0 [0x006C3B7F+80767]
Ordinal0 [0x006C4B4E+84814]
Ordinal0 [0x006C4AD9+84697]
Ordinal0 [0x008BCE64+2149988]
GetHandleVerifier [0x00B2BE95+1400773]
GetHandleVerifier [0x00B2BB61+1399953]
GetHandleVerifier [0x00B331FA+1430314]
GetHandleVerifier [0x00B2C69F+1402831]
Ordinal0 [0x008B3D61+2112865]
Ordinal0 [0x008BE5CB+2155979]
Ordinal0 [0x008BE6F5+2156277]
Ordinal0 [0x008CF26E+2224750]
BaseThreadInitThunk [0x75856359+25]
RtlGetAppContainerNamedObjectPath [0x77AA8944+228]
RtlGetAppContainerNamedObjectPath [0x77AA8914+180]

at sun.reflect.NativeConstructorAccessorImpl.newInstance0(Native Method)
at sun.reflect.NativeConstructorAccessorImpl.newInstance(NativeConstructorAccessorImpl.java:62)
at sun.reflect.DelegatingConstructorAccessorImpl.newInstance(DelegatingConstructorAccessorImpl.java:45)
at java.lang.reflect.Constructor.newInstance(Constructor.java:423)
at org.openqa.selenium.remote.W3CHandshakeResponse.lambda$errorHandler$0(W3CHandshakeResponse.java:62)
at org.openqa.selenium.remote.HandshakeResponse.lambda$getResponseFunction$0(HandshakeResponse.java:30)
at org.openqa.selenium.remote.ProtocolHandshake.lambda$createSession$0(ProtocolHandshake.java:126)
at java.util.stream.ReferencePipeline$3$1.accept(ReferencePipeline.java:193)
at java.util.Spliterators$ArraySpliterator.tryAdvance(Spliterators.java:958)
at java.util.stream.ReferencePipeline.forEachWithCancel(ReferencePipeline.java:126)
at java.util.stream.AbstractPipeline.copyIntoWithCancel(AbstractPipeline.java:499)
at java.util.stream.AbstractPipeline.copyInto(AbstractPipeline.java:486)
at java.util.stream.AbstractPipeline.wrapAndCopyInto(AbstractPipeline.java:472)
at java.util.stream.FindOps$FindOp.evaluateSequential(FindOps.java:152)
at java.util.stream.AbstractPipeline.evaluate(AbstractPipeline.java:234)
at java.util.stream.ReferencePipeline.findFirst(ReferencePipeline.java:464)
at org.openqa.selenium.remote.ProtocolHandshake.createSession(ProtocolHandshake.java:128)
at org.openqa.selenium.remote.ProtocolHandshake.createSession(ProtocolHandshake.java:74)
at org.openqa.selenium.remote.HttpCommandExecutor.execute(HttpCommandExecutor.java:136)
at org.openqa.selenium.remote.service.DriverCommandExecutor.execute(DriverCommandExecutor.java:83)
at org.openqa.selenium.remote.RemoteWebDriver.execute(RemoteWebDriver.java:552)
at org.openqa.selenium.remote.RemoteWebDriver.startSession(RemoteWebDriver.java:213)
at org.openqa.selenium.remote.RemoteWebDriver.<init>(RemoteWebDriver.java:131)
at org.openqa.selenium.chrome.ChromeDriver.<init>(ChromeDriver.java:181)
at org.openqa.selenium.chrome.ChromeDriver.<init>(ChromeDriver.java:168)
at org.openqa.selenium.chrome.ChromeDriver.<init>(ChromeDriver.java:123)
at com.orangehrmpluging.TestsNGDemo.openBrowser(TestsNGDemo.java:21)
at sun.reflect.NativeMethodAccessorImpl.invoke0(Native Method)
at sun.reflect.NativeMethodAccessorImpl.invoke(NativeMethodAccessorImpl.java:62)
at sun.reflect.DelegatingMethodAccessorImpl.invoke(DelegatingMethodAccessorImpl.java:43)
at java.lang.reflect.Method.invoke(Method.java:498)
at org.testng.internal.MethodInvocationHelper.invokeMethod(MethodInvocationHelper.java:124)
at org.testng.internal.MethodInvocationHelper.invokeMethodConsideringTimeout(MethodInvocationHelper.java:59)
at org.testng.internal.Invoker.invokeConfigurationMethod(Invoker.java:458)
at org.testng.internal.Invoker.invokeConfigurations(Invoker.java:222)
at org.testng.internal.Invoker.invokeConfigurations(Invoker.java:142)
at org.testng.internal.TestMethodWorker.invokeBeforeClassMethods(TestMethodWorker.java:168)
at org.testng.internal.TestMethodWorker.run(TestMethodWorker.java:105)
at org.testng.TestRunner.privateRun(TestRunner.java:648)
at org.testng.TestRunner.run(TestRunner.java:505)
at org.testng.SuiteRunner.runTest(SuiteRunner.java:455)
at org.testng.SuiteRunner.runSequentially(SuiteRunner.java:450)
at org.testng.SuiteRunner.privateRun(SuiteRunner.java:415)
at org.testng.SuiteRunner.run(SuiteRunner.java:364)
at org.testng.SuiteRunnerWorker.runSuite(SuiteRunnerWorker.java:52)
at org.testng.SuiteRunnerWorker.run(SuiteRunnerWorker.java:84)
at org.testng.TestNG.runSuitesSequentially(TestNG.java:1208)
at org.testng.TestNG.runSuitesLocally(TestNG.java:1137)
at org.testng.TestNG.runSuites(TestNG.java:1049)
at org.testng.TestNG.run(TestNG.java:1017)
at org.testng.remote.AbstractRemoteTestNG.run(AbstractRemoteTestNG.java:115)
at org.testng.remote.RemoteTestNG.initAndRun(RemoteTestNG.java:251)
at org.testng.remote.RemoteTestNG.main(RemoteTestNG.java:77)
]]>
            </full-stacktrace>
          </exception> <!-- org.openqa.selenium.SessionNotCreatedException -->
          <reporter-output>
          </reporter-output>
        </test-method> <!-- openBrowser -->
        <test-method status="SKIP" signature="login()[pri:0, instance:com.orangehrmpluging.TestsNGDemo@163e4e87]" name="login" is-config="true" duration-ms="0" started-at="2020-12-08T05:44:14Z" finished-at="2020-12-08T05:44:14Z">
          <reporter-output>
          </reporter-output>
        </test-method> <!-- login -->
        <test-method status="SKIP" signature="adminTest()[pri:0, instance:com.orangehrmpluging.TestsNGDemo@163e4e87]" name="adminTest" duration-ms="0" started-at="2020-12-08T05:44:14Z" finished-at="2020-12-08T05:44:14Z">
          <exception class="org.openqa.selenium.SessionNotCreatedException">
            <message>
              <![CDATA[session not created
from chrome not reachable
  (Session info: chrome=87.0.4280.88)
Build info: version: '3.141.59', revision: 'e82be7d358', time: '2018-11-14T08:17:03'
System info: host: 'DESKTOP-VF27SS2', ip: '192.168.49.1', os.name: 'Windows 10', os.arch: 'amd64', os.version: '10.0', java.version: '1.8.0_261'
Driver info: driver.version: ChromeDriver
remote stacktrace: Backtrace:
Ordinal0 [0x009BC013+3194899]
Ordinal0 [0x008A6021+2056225]
Ordinal0 [0x0073F4B0+586928]
Ordinal0 [0x00735894+546964]
Ordinal0 [0x00735F2C+548652]
Ordinal0 [0x00737175+553333]
Ordinal0 [0x0073241E+533534]
Ordinal0 [0x00740620+591392]
Ordinal0 [0x006E2A0C+207372]
Ordinal0 [0x006E1D0D+204045]
Ordinal0 [0x006DFC1B+195611]
Ordinal0 [0x006C3B7F+80767]
Ordinal0 [0x006C4B4E+84814]
Ordinal0 [0x006C4AD9+84697]
Ordinal0 [0x008BCE64+2149988]
GetHandleVerifier [0x00B2BE95+1400773]
GetHandleVerifier [0x00B2BB61+1399953]
GetHandleVerifier [0x00B331FA+1430314]
GetHandleVerifier [0x00B2C69F+1402831]
Ordinal0 [0x008B3D61+2112865]
Ordinal0 [0x008BE5CB+2155979]
Ordinal0 [0x008BE6F5+2156277]
Ordinal0 [0x008CF26E+2224750]
BaseThreadInitThunk [0x75856359+25]
RtlGetAppContainerNamedObjectPath [0x77AA8944+228]
RtlGetAppContainerNamedObjectPath [0x77AA8914+180]
]]>
            </message>
            <full-stacktrace>
              <![CDATA[org.openqa.selenium.SessionNotCreatedException: session not created
from chrome not reachable
  (Session info: chrome=87.0.4280.88)
Build info: version: '3.141.59', revision: 'e82be7d358', time: '2018-11-14T08:17:03'
System info: host: 'DESKTOP-VF27SS2', ip: '192.168.49.1', os.name: 'Windows 10', os.arch: 'amd64', os.version: '10.0', java.version: '1.8.0_261'
Driver info: driver.version: ChromeDriver
remote stacktrace: Backtrace:
Ordinal0 [0x009BC013+3194899]
Ordinal0 [0x008A6021+2056225]
Ordinal0 [0x0073F4B0+586928]
Ordinal0 [0x00735894+546964]
Ordinal0 [0x00735F2C+548652]
Ordinal0 [0x00737175+553333]
Ordinal0 [0x0073241E+533534]
Ordinal0 [0x00740620+591392]
Ordinal0 [0x006E2A0C+207372]
Ordinal0 [0x006E1D0D+204045]
Ordinal0 [0x006DFC1B+195611]
Ordinal0 [0x006C3B7F+80767]
Ordinal0 [0x006C4B4E+84814]
Ordinal0 [0x006C4AD9+84697]
Ordinal0 [0x008BCE64+2149988]
GetHandleVerifier [0x00B2BE95+1400773]
GetHandleVerifier [0x00B2BB61+1399953]
GetHandleVerifier [0x00B331FA+1430314]
GetHandleVerifier [0x00B2C69F+1402831]
Ordinal0 [0x008B3D61+2112865]
Ordinal0 [0x008BE5CB+2155979]
Ordinal0 [0x008BE6F5+2156277]
Ordinal0 [0x008CF26E+2224750]
BaseThreadInitThunk [0x75856359+25]
RtlGetAppContainerNamedObjectPath [0x77AA8944+228]
RtlGetAppContainerNamedObjectPath [0x77AA8914+180]

at sun.reflect.NativeConstructorAccessorImpl.newInstance0(Native Method)
at sun.reflect.NativeConstructorAccessorImpl.newInstance(NativeConstructorAccessorImpl.java:62)
at sun.reflect.DelegatingConstructorAccessorImpl.newInstance(DelegatingConstructorAccessorImpl.java:45)
at java.lang.reflect.Constructor.newInstance(Constructor.java:423)
at org.openqa.selenium.remote.W3CHandshakeResponse.lambda$errorHandler$0(W3CHandshakeResponse.java:62)
at org.openqa.selenium.remote.HandshakeResponse.lambda$getResponseFunction$0(HandshakeResponse.java:30)
at org.openqa.selenium.remote.ProtocolHandshake.lambda$createSession$0(ProtocolHandshake.java:126)
at java.util.stream.ReferencePipeline$3$1.accept(ReferencePipeline.java:193)
at java.util.Spliterators$ArraySpliterator.tryAdvance(Spliterators.java:958)
at java.util.stream.ReferencePipeline.forEachWithCancel(ReferencePipeline.java:126)
at java.util.stream.AbstractPipeline.copyIntoWithCancel(AbstractPipeline.java:499)
at java.util.stream.AbstractPipeline.copyInto(AbstractPipeline.java:486)
at java.util.stream.AbstractPipeline.wrapAndCopyInto(AbstractPipeline.java:472)
at java.util.stream.FindOps$FindOp.evaluateSequential(FindOps.java:152)
at java.util.stream.AbstractPipeline.evaluate(AbstractPipeline.java:234)
at java.util.stream.ReferencePipeline.findFirst(ReferencePipeline.java:464)
at org.openqa.selenium.remote.ProtocolHandshake.createSession(ProtocolHandshake.java:128)
at org.openqa.selenium.remote.ProtocolHandshake.createSession(ProtocolHandshake.java:74)
at org.openqa.selenium.remote.HttpCommandExecutor.execute(HttpCommandExecutor.java:136)
at org.openqa.selenium.remote.service.DriverCommandExecutor.execute(DriverCommandExecutor.java:83)
at org.openqa.selenium.remote.RemoteWebDriver.execute(RemoteWebDriver.java:552)
at org.openqa.selenium.remote.RemoteWebDriver.startSession(RemoteWebDriver.java:213)
at org.openqa.selenium.remote.RemoteWebDriver.<init>(RemoteWebDriver.java:131)
at org.openqa.selenium.chrome.ChromeDriver.<init>(ChromeDriver.java:181)
at org.openqa.selenium.chrome.ChromeDriver.<init>(ChromeDriver.java:168)
at org.openqa.selenium.chrome.ChromeDriver.<init>(ChromeDriver.java:123)
at com.orangehrmpluging.TestsNGDemo.openBrowser(TestsNGDemo.java:21)
at sun.reflect.NativeMethodAccessorImpl.invoke0(Native Method)
at sun.reflect.NativeMethodAccessorImpl.invoke(NativeMethodAccessorImpl.java:62)
at sun.reflect.DelegatingMethodAccessorImpl.invoke(DelegatingMethodAccessorImpl.java:43)
at java.lang.reflect.Method.invoke(Method.java:498)
at org.testng.internal.MethodInvocationHelper.invokeMethod(MethodInvocationHelper.java:124)
at org.testng.internal.MethodInvocationHelper.invokeMethodConsideringTimeout(MethodInvocationHelper.java:59)
at org.testng.internal.Invoker.invokeConfigurationMethod(Invoker.java:458)
at org.testng.internal.Invoker.invokeConfigurations(Invoker.java:222)
at org.testng.internal.Invoker.invokeConfigurations(Invoker.java:142)
at org.testng.internal.TestMethodWorker.invokeBeforeClassMethods(TestMethodWorker.java:168)
at org.testng.internal.TestMethodWorker.run(TestMethodWorker.java:105)
at org.testng.TestRunner.privateRun(TestRunner.java:648)
at org.testng.TestRunner.run(TestRunner.java:505)
at org.testng.SuiteRunner.runTest(SuiteRunner.java:455)
at org.testng.SuiteRunner.runSequentially(SuiteRunner.java:450)
at org.testng.SuiteRunner.privateRun(SuiteRunner.java:415)
at org.testng.SuiteRunner.run(SuiteRunner.java:364)
at org.testng.SuiteRunnerWorker.runSuite(SuiteRunnerWorker.java:52)
at org.testng.SuiteRunnerWorker.run(SuiteRunnerWorker.java:84)
at org.testng.TestNG.runSuitesSequentially(TestNG.java:1208)
at org.testng.TestNG.runSuitesLocally(TestNG.java:1137)
at org.testng.TestNG.runSuites(TestNG.java:1049)
at org.testng.TestNG.run(TestNG.java:1017)
at org.testng.remote.AbstractRemoteTestNG.run(AbstractRemoteTestNG.java:115)
at org.testng.remote.RemoteTestNG.initAndRun(RemoteTestNG.java:251)
at org.testng.remote.RemoteTestNG.main(RemoteTestNG.java:77)
]]>
            </full-stacktrace>
          </exception> <!-- org.openqa.selenium.SessionNotCreatedException -->
          <reporter-output>
          </reporter-output>
        </test-method> <!-- adminTest -->
        <test-method status="SKIP" signature="logout()[pri:0, instance:com.orangehrmpluging.TestsNGDemo@163e4e87]" name="logout" is-config="true" duration-ms="0" started-at="2020-12-08T05:44:14Z" finished-at="2020-12-08T05:44:14Z">
          <reporter-output>
          </reporter-output>
        </test-method> <!-- logout -->
        <test-method status="SKIP" signature="login()[pri:0, instance:com.orangehrmpluging.TestsNGDemo@163e4e87]" name="login" is-config="true" duration-ms="0" started-at="2020-12-08T05:44:14Z" finished-at="2020-12-08T05:44:14Z">
          <reporter-output>
          </reporter-output>
        </test-method> <!-- login -->
        <test-method status="SKIP" signature="leaveTest()[pri:0, instance:com.orangehrmpluging.TestsNGDemo@163e4e87]" name="leaveTest" duration-ms="0" started-at="2020-12-08T05:44:14Z" finished-at="2020-12-08T05:44:14Z">
          <exception class="org.openqa.selenium.SessionNotCreatedException">
            <message>
              <![CDATA[session not created
from chrome not reachable
  (Session info: chrome=87.0.4280.88)
Build info: version: '3.141.59', revision: 'e82be7d358', time: '2018-11-14T08:17:03'
System info: host: 'DESKTOP-VF27SS2', ip: '192.168.49.1', os.name: 'Windows 10', os.arch: 'amd64', os.version: '10.0', java.version: '1.8.0_261'
Driver info: driver.version: ChromeDriver
remote stacktrace: Backtrace:
Ordinal0 [0x009BC013+3194899]
Ordinal0 [0x008A6021+2056225]
Ordinal0 [0x0073F4B0+586928]
Ordinal0 [0x00735894+546964]
Ordinal0 [0x00735F2C+548652]
Ordinal0 [0x00737175+553333]
Ordinal0 [0x0073241E+533534]
Ordinal0 [0x00740620+591392]
Ordinal0 [0x006E2A0C+207372]
Ordinal0 [0x006E1D0D+204045]
Ordinal0 [0x006DFC1B+195611]
Ordinal0 [0x006C3B7F+80767]
Ordinal0 [0x006C4B4E+84814]
Ordinal0 [0x006C4AD9+84697]
Ordinal0 [0x008BCE64+2149988]
GetHandleVerifier [0x00B2BE95+1400773]
GetHandleVerifier [0x00B2BB61+1399953]
GetHandleVerifier [0x00B331FA+1430314]
GetHandleVerifier [0x00B2C69F+1402831]
Ordinal0 [0x008B3D61+2112865]
Ordinal0 [0x008BE5CB+2155979]
Ordinal0 [0x008BE6F5+2156277]
Ordinal0 [0x008CF26E+2224750]
BaseThreadInitThunk [0x75856359+25]
RtlGetAppContainerNamedObjectPath [0x77AA8944+228]
RtlGetAppContainerNamedObjectPath [0x77AA8914+180]
]]>
            </message>
            <full-stacktrace>
              <![CDATA[org.openqa.selenium.SessionNotCreatedException: session not created
from chrome not reachable
  (Session info: chrome=87.0.4280.88)
Build info: version: '3.141.59', revision: 'e82be7d358', time: '2018-11-14T08:17:03'
System info: host: 'DESKTOP-VF27SS2', ip: '192.168.49.1', os.name: 'Windows 10', os.arch: 'amd64', os.version: '10.0', java.version: '1.8.0_261'
Driver info: driver.version: ChromeDriver
remote stacktrace: Backtrace:
Ordinal0 [0x009BC013+3194899]
Ordinal0 [0x008A6021+2056225]
Ordinal0 [0x0073F4B0+586928]
Ordinal0 [0x00735894+546964]
Ordinal0 [0x00735F2C+548652]
Ordinal0 [0x00737175+553333]
Ordinal0 [0x0073241E+533534]
Ordinal0 [0x00740620+591392]
Ordinal0 [0x006E2A0C+207372]
Ordinal0 [0x006E1D0D+204045]
Ordinal0 [0x006DFC1B+195611]
Ordinal0 [0x006C3B7F+80767]
Ordinal0 [0x006C4B4E+84814]
Ordinal0 [0x006C4AD9+84697]
Ordinal0 [0x008BCE64+2149988]
GetHandleVerifier [0x00B2BE95+1400773]
GetHandleVerifier [0x00B2BB61+1399953]
GetHandleVerifier [0x00B331FA+1430314]
GetHandleVerifier [0x00B2C69F+1402831]
Ordinal0 [0x008B3D61+2112865]
Ordinal0 [0x008BE5CB+2155979]
Ordinal0 [0x008BE6F5+2156277]
Ordinal0 [0x008CF26E+2224750]
BaseThreadInitThunk [0x75856359+25]
RtlGetAppContainerNamedObjectPath [0x77AA8944+228]
RtlGetAppContainerNamedObjectPath [0x77AA8914+180]

at sun.reflect.NativeConstructorAccessorImpl.newInstance0(Native Method)
at sun.reflect.NativeConstructorAccessorImpl.newInstance(NativeConstructorAccessorImpl.java:62)
at sun.reflect.DelegatingConstructorAccessorImpl.newInstance(DelegatingConstructorAccessorImpl.java:45)
at java.lang.reflect.Constructor.newInstance(Constructor.java:423)
at org.openqa.selenium.remote.W3CHandshakeResponse.lambda$errorHandler$0(W3CHandshakeResponse.java:62)
at org.openqa.selenium.remote.HandshakeResponse.lambda$getResponseFunction$0(HandshakeResponse.java:30)
at org.openqa.selenium.remote.ProtocolHandshake.lambda$createSession$0(ProtocolHandshake.java:126)
at java.util.stream.ReferencePipeline$3$1.accept(ReferencePipeline.java:193)
at java.util.Spliterators$ArraySpliterator.tryAdvance(Spliterators.java:958)
at java.util.stream.ReferencePipeline.forEachWithCancel(ReferencePipeline.java:126)
at java.util.stream.AbstractPipeline.copyIntoWithCancel(AbstractPipeline.java:499)
at java.util.stream.AbstractPipeline.copyInto(AbstractPipeline.java:486)
at java.util.stream.AbstractPipeline.wrapAndCopyInto(AbstractPipeline.java:472)
at java.util.stream.FindOps$FindOp.evaluateSequential(FindOps.java:152)
at java.util.stream.AbstractPipeline.evaluate(AbstractPipeline.java:234)
at java.util.stream.ReferencePipeline.findFirst(ReferencePipeline.java:464)
at org.openqa.selenium.remote.ProtocolHandshake.createSession(ProtocolHandshake.java:128)
at org.openqa.selenium.remote.ProtocolHandshake.createSession(ProtocolHandshake.java:74)
at org.openqa.selenium.remote.HttpCommandExecutor.execute(HttpCommandExecutor.java:136)
at org.openqa.selenium.remote.service.DriverCommandExecutor.execute(DriverCommandExecutor.java:83)
at org.openqa.selenium.remote.RemoteWebDriver.execute(RemoteWebDriver.java:552)
at org.openqa.selenium.remote.RemoteWebDriver.startSession(RemoteWebDriver.java:213)
at org.openqa.selenium.remote.RemoteWebDriver.<init>(RemoteWebDriver.java:131)
at org.openqa.selenium.chrome.ChromeDriver.<init>(ChromeDriver.java:181)
at org.openqa.selenium.chrome.ChromeDriver.<init>(ChromeDriver.java:168)
at org.openqa.selenium.chrome.ChromeDriver.<init>(ChromeDriver.java:123)
at com.orangehrmpluging.TestsNGDemo.openBrowser(TestsNGDemo.java:21)
at sun.reflect.NativeMethodAccessorImpl.invoke0(Native Method)
at sun.reflect.NativeMethodAccessorImpl.invoke(NativeMethodAccessorImpl.java:62)
at sun.reflect.DelegatingMethodAccessorImpl.invoke(DelegatingMethodAccessorImpl.java:43)
at java.lang.reflect.Method.invoke(Method.java:498)
at org.testng.internal.MethodInvocationHelper.invokeMethod(MethodInvocationHelper.java:124)
at org.testng.internal.MethodInvocationHelper.invokeMethodConsideringTimeout(MethodInvocationHelper.java:59)
at org.testng.internal.Invoker.invokeConfigurationMethod(Invoker.java:458)
at org.testng.internal.Invoker.invokeConfigurations(Invoker.java:222)
at org.testng.internal.Invoker.invokeConfigurations(Invoker.java:142)
at org.testng.internal.TestMethodWorker.invokeBeforeClassMethods(TestMethodWorker.java:168)
at org.testng.internal.TestMethodWorker.run(TestMethodWorker.java:105)
at org.testng.TestRunner.privateRun(TestRunner.java:648)
at org.testng.TestRunner.run(TestRunner.java:505)
at org.testng.SuiteRunner.runTest(SuiteRunner.java:455)
at org.testng.SuiteRunner.runSequentially(SuiteRunner.java:450)
at org.testng.SuiteRunner.privateRun(SuiteRunner.java:415)
at org.testng.SuiteRunner.run(SuiteRunner.java:364)
at org.testng.SuiteRunnerWorker.runSuite(SuiteRunnerWorker.java:52)
at org.testng.SuiteRunnerWorker.run(SuiteRunnerWorker.java:84)
at org.testng.TestNG.runSuitesSequentially(TestNG.java:1208)
at org.testng.TestNG.runSuitesLocally(TestNG.java:1137)
at org.testng.TestNG.runSuites(TestNG.java:1049)
at org.testng.TestNG.run(TestNG.java:1017)
at org.testng.remote.AbstractRemoteTestNG.run(AbstractRemoteTestNG.java:115)
at org.testng.remote.RemoteTestNG.initAndRun(RemoteTestNG.java:251)
at org.testng.remote.RemoteTestNG.main(RemoteTestNG.java:77)
]]>
            </full-stacktrace>
          </exception> <!-- org.openqa.selenium.SessionNotCreatedException -->
          <reporter-output>
          </reporter-output>
        </test-method> <!-- leaveTest -->
        <test-method status="SKIP" signature="logout()[pri:0, instance:com.orangehrmpluging.TestsNGDemo@163e4e87]" name="logout" is-config="true" duration-ms="0" started-at="2020-12-08T05:44:14Z" finished-at="2020-12-08T05:44:14Z">
          <reporter-output>
          </reporter-output>
        </test-method> <!-- logout -->
        <test-method status="SKIP" signature="login()[pri:0, instance:com.orangehrmpluging.TestsNGDemo@163e4e87]" name="login" is-config="true" duration-ms="0" started-at="2020-12-08T05:44:14Z" finished-at="2020-12-08T05:44:14Z">
          <reporter-output>
          </reporter-output>
        </test-method> <!-- login -->
        <test-method status="SKIP" signature="pimTest()[pri:0, instance:com.orangehrmpluging.TestsNGDemo@163e4e87]" name="pimTest" duration-ms="0" started-at="2020-12-08T05:44:15Z" finished-at="2020-12-08T05:44:15Z">
          <exception class="org.openqa.selenium.SessionNotCreatedException">
            <message>
              <![CDATA[session not created
from chrome not reachable
  (Session info: chrome=87.0.4280.88)
Build info: version: '3.141.59', revision: 'e82be7d358', time: '2018-11-14T08:17:03'
System info: host: 'DESKTOP-VF27SS2', ip: '192.168.49.1', os.name: 'Windows 10', os.arch: 'amd64', os.version: '10.0', java.version: '1.8.0_261'
Driver info: driver.version: ChromeDriver
remote stacktrace: Backtrace:
Ordinal0 [0x009BC013+3194899]
Ordinal0 [0x008A6021+2056225]
Ordinal0 [0x0073F4B0+586928]
Ordinal0 [0x00735894+546964]
Ordinal0 [0x00735F2C+548652]
Ordinal0 [0x00737175+553333]
Ordinal0 [0x0073241E+533534]
Ordinal0 [0x00740620+591392]
Ordinal0 [0x006E2A0C+207372]
Ordinal0 [0x006E1D0D+204045]
Ordinal0 [0x006DFC1B+195611]
Ordinal0 [0x006C3B7F+80767]
Ordinal0 [0x006C4B4E+84814]
Ordinal0 [0x006C4AD9+84697]
Ordinal0 [0x008BCE64+2149988]
GetHandleVerifier [0x00B2BE95+1400773]
GetHandleVerifier [0x00B2BB61+1399953]
GetHandleVerifier [0x00B331FA+1430314]
GetHandleVerifier [0x00B2C69F+1402831]
Ordinal0 [0x008B3D61+2112865]
Ordinal0 [0x008BE5CB+2155979]
Ordinal0 [0x008BE6F5+2156277]
Ordinal0 [0x008CF26E+2224750]
BaseThreadInitThunk [0x75856359+25]
RtlGetAppContainerNamedObjectPath [0x77AA8944+228]
RtlGetAppContainerNamedObjectPath [0x77AA8914+180]
]]>
            </message>
            <full-stacktrace>
              <![CDATA[org.openqa.selenium.SessionNotCreatedException: session not created
from chrome not reachable
  (Session info: chrome=87.0.4280.88)
Build info: version: '3.141.59', revision: 'e82be7d358', time: '2018-11-14T08:17:03'
System info: host: 'DESKTOP-VF27SS2', ip: '192.168.49.1', os.name: 'Windows 10', os.arch: 'amd64', os.version: '10.0', java.version: '1.8.0_261'
Driver info: driver.version: ChromeDriver
remote stacktrace: Backtrace:
Ordinal0 [0x009BC013+3194899]
Ordinal0 [0x008A6021+2056225]
Ordinal0 [0x0073F4B0+586928]
Ordinal0 [0x00735894+546964]
Ordinal0 [0x00735F2C+548652]
Ordinal0 [0x00737175+553333]
Ordinal0 [0x0073241E+533534]
Ordinal0 [0x00740620+591392]
Ordinal0 [0x006E2A0C+207372]
Ordinal0 [0x006E1D0D+204045]
Ordinal0 [0x006DFC1B+195611]
Ordinal0 [0x006C3B7F+80767]
Ordinal0 [0x006C4B4E+84814]
Ordinal0 [0x006C4AD9+84697]
Ordinal0 [0x008BCE64+2149988]
GetHandleVerifier [0x00B2BE95+1400773]
GetHandleVerifier [0x00B2BB61+1399953]
GetHandleVerifier [0x00B331FA+1430314]
GetHandleVerifier [0x00B2C69F+1402831]
Ordinal0 [0x008B3D61+2112865]
Ordinal0 [0x008BE5CB+2155979]
Ordinal0 [0x008BE6F5+2156277]
Ordinal0 [0x008CF26E+2224750]
BaseThreadInitThunk [0x75856359+25]
RtlGetAppContainerNamedObjectPath [0x77AA8944+228]
RtlGetAppContainerNamedObjectPath [0x77AA8914+180]

at sun.reflect.NativeConstructorAccessorImpl.newInstance0(Native Method)
at sun.reflect.NativeConstructorAccessorImpl.newInstance(NativeConstructorAccessorImpl.java:62)
at sun.reflect.DelegatingConstructorAccessorImpl.newInstance(DelegatingConstructorAccessorImpl.java:45)
at java.lang.reflect.Constructor.newInstance(Constructor.java:423)
at org.openqa.selenium.remote.W3CHandshakeResponse.lambda$errorHandler$0(W3CHandshakeResponse.java:62)
at org.openqa.selenium.remote.HandshakeResponse.lambda$getResponseFunction$0(HandshakeResponse.java:30)
at org.openqa.selenium.remote.ProtocolHandshake.lambda$createSession$0(ProtocolHandshake.java:126)
at java.util.stream.ReferencePipeline$3$1.accept(ReferencePipeline.java:193)
at java.util.Spliterators$ArraySpliterator.tryAdvance(Spliterators.java:958)
at java.util.stream.ReferencePipeline.forEachWithCancel(ReferencePipeline.java:126)
at java.util.stream.AbstractPipeline.copyIntoWithCancel(AbstractPipeline.java:499)
at java.util.stream.AbstractPipeline.copyInto(AbstractPipeline.java:486)
at java.util.stream.AbstractPipeline.wrapAndCopyInto(AbstractPipeline.java:472)
at java.util.stream.FindOps$FindOp.evaluateSequential(FindOps.java:152)
at java.util.stream.AbstractPipeline.evaluate(AbstractPipeline.java:234)
at java.util.stream.ReferencePipeline.findFirst(ReferencePipeline.java:464)
at org.openqa.selenium.remote.ProtocolHandshake.createSession(ProtocolHandshake.java:128)
at org.openqa.selenium.remote.ProtocolHandshake.createSession(ProtocolHandshake.java:74)
at org.openqa.selenium.remote.HttpCommandExecutor.execute(HttpCommandExecutor.java:136)
at org.openqa.selenium.remote.service.DriverCommandExecutor.execute(DriverCommandExecutor.java:83)
at org.openqa.selenium.remote.RemoteWebDriver.execute(RemoteWebDriver.java:552)
at org.openqa.selenium.remote.RemoteWebDriver.startSession(RemoteWebDriver.java:213)
at org.openqa.selenium.remote.RemoteWebDriver.<init>(RemoteWebDriver.java:131)
at org.openqa.selenium.chrome.ChromeDriver.<init>(ChromeDriver.java:181)
at org.openqa.selenium.chrome.ChromeDriver.<init>(ChromeDriver.java:168)
at org.openqa.selenium.chrome.ChromeDriver.<init>(ChromeDriver.java:123)
at com.orangehrmpluging.TestsNGDemo.openBrowser(TestsNGDemo.java:21)
at sun.reflect.NativeMethodAccessorImpl.invoke0(Native Method)
at sun.reflect.NativeMethodAccessorImpl.invoke(NativeMethodAccessorImpl.java:62)
at sun.reflect.DelegatingMethodAccessorImpl.invoke(DelegatingMethodAccessorImpl.java:43)
at java.lang.reflect.Method.invoke(Method.java:498)
at org.testng.internal.MethodInvocationHelper.invokeMethod(MethodInvocationHelper.java:124)
at org.testng.internal.MethodInvocationHelper.invokeMethodConsideringTimeout(MethodInvocationHelper.java:59)
at org.testng.internal.Invoker.invokeConfigurationMethod(Invoker.java:458)
at org.testng.internal.Invoker.invokeConfigurations(Invoker.java:222)
at org.testng.internal.Invoker.invokeConfigurations(Invoker.java:142)
at org.testng.internal.TestMethodWorker.invokeBeforeClassMethods(TestMethodWorker.java:168)
at org.testng.internal.TestMethodWorker.run(TestMethodWorker.java:105)
at org.testng.TestRunner.privateRun(TestRunner.java:648)
at org.testng.TestRunner.run(TestRunner.java:505)
at org.testng.SuiteRunner.runTest(SuiteRunner.java:455)
at org.testng.SuiteRunner.runSequentially(SuiteRunner.java:450)
at org.testng.SuiteRunner.privateRun(SuiteRunner.java:415)
at org.testng.SuiteRunner.run(SuiteRunner.java:364)
at org.testng.SuiteRunnerWorker.runSuite(SuiteRunnerWorker.java:52)
at org.testng.SuiteRunnerWorker.run(SuiteRunnerWorker.java:84)
at org.testng.TestNG.runSuitesSequentially(TestNG.java:1208)
at org.testng.TestNG.runSuitesLocally(TestNG.java:1137)
at org.testng.TestNG.runSuites(TestNG.java:1049)
at org.testng.TestNG.run(TestNG.java:1017)
at org.testng.remote.AbstractRemoteTestNG.run(AbstractRemoteTestNG.java:115)
at org.testng.remote.RemoteTestNG.initAndRun(RemoteTestNG.java:251)
at org.testng.remote.RemoteTestNG.main(RemoteTestNG.java:77)
]]>
            </full-stacktrace>
          </exception> <!-- org.openqa.selenium.SessionNotCreatedException -->
          <reporter-output>
          </reporter-output>
        </test-method> <!-- pimTest -->
        <test-method status="SKIP" signature="logout()[pri:0, instance:com.orangehrmpluging.TestsNGDemo@163e4e87]" name="logout" is-config="true" duration-ms="0" started-at="2020-12-08T05:44:15Z" finished-at="2020-12-08T05:44:15Z">
          <reporter-output>
          </reporter-output>
        </test-method> <!-- logout -->
        <test-method status="SKIP" signature="closeBrowser()[pri:0, instance:com.orangehrmpluging.TestsNGDemo@163e4e87]" name="closeBrowser" is-config="true" duration-ms="0" started-at="2020-12-08T05:44:15Z" finished-at="2020-12-08T05:44:15Z">
          <reporter-output>
          </reporter-output>
        </test-method> <!-- closeBrowser -->
      </class> <!-- com.orangehrmpluging.TestsNGDemo -->
      <class name="com.orangehrmpluging.XmlTest2">
        <test-method status="FAIL" signature="paraTest(java.lang.String, java.lang.String)[pri:0, instance:com.orangehrmpluging.XmlTest2@56de5251]" name="paraTest" duration-ms="0" started-at="2020-12-08T05:44:33Z" finished-at="2020-12-08T05:44:33Z">
          <exception class="org.testng.TestNGException">
            <message>
              <![CDATA[
Parameter 'uname' is required by @Test on method paraTest but has not been marked @Optional or defined
in C:\Users\HP\AppData\Local\Temp\testng-eclipse--1767541000\testng-customsuite.xml]]>
            </message>
            <full-stacktrace>
              <![CDATA[org.testng.TestNGException: 
Parameter 'uname' is required by @Test on method paraTest but has not been marked @Optional or defined
in C:\Users\HP\AppData\Local\Temp\testng-eclipse--1767541000\testng-customsuite.xml
at org.testng.internal.Parameters.createParams(Parameters.java:290)
at org.testng.internal.Parameters.createParametersForMethod(Parameters.java:359)
at org.testng.internal.Parameters.createParameters(Parameters.java:620)
at org.testng.internal.Parameters.handleParameters(Parameters.java:769)
at org.testng.internal.ParameterHandler.handleParameters(ParameterHandler.java:49)
at org.testng.internal.ParameterHandler.createParameters(ParameterHandler.java:37)
at org.testng.internal.Invoker.invokeTestMethods(Invoker.java:924)
at org.testng.internal.TestMethodWorker.invokeTestMethods(TestMethodWorker.java:125)
at org.testng.internal.TestMethodWorker.run(TestMethodWorker.java:109)
at org.testng.TestRunner.privateRun(TestRunner.java:648)
at org.testng.TestRunner.run(TestRunner.java:505)
at org.testng.SuiteRunner.runTest(SuiteRunner.java:455)
at org.testng.SuiteRunner.runSequentially(SuiteRunner.java:450)
at org.testng.SuiteRunner.privateRun(SuiteRunner.java:415)
at org.testng.SuiteRunner.run(SuiteRunner.java:364)
at org.testng.SuiteRunnerWorker.runSuite(SuiteRunnerWorker.java:52)
at org.testng.SuiteRunnerWorker.run(SuiteRunnerWorker.java:84)
at org.testng.TestNG.runSuitesSequentially(TestNG.java:1208)
at org.testng.TestNG.runSuitesLocally(TestNG.java:1137)
at org.testng.TestNG.runSuites(TestNG.java:1049)
at org.testng.TestNG.run(TestNG.java:1017)
at org.testng.remote.AbstractRemoteTestNG.run(AbstractRemoteTestNG.java:115)
at org.testng.remote.RemoteTestNG.initAndRun(RemoteTestNG.java:251)
at org.testng.remote.RemoteTestNG.main(RemoteTestNG.java:77)
]]>
            </full-stacktrace>
          </exception> <!-- org.testng.TestNGException -->
          <reporter-output>
          </reporter-output>
        </test-method> <!-- paraTest -->
      </class> <!-- com.orangehrmpluging.XmlTest2 -->
      <class name="com.orangehrmpluging.GroupTest">
        <test-method status="PASS" signature="adminModule1()[pri:0, instance:com.orangehrmpluging.GroupTest@419c5f1a]" name="adminModule1" duration-ms="2" started-at="2020-12-08T05:44:33Z" finished-at="2020-12-08T05:44:33Z">
          <reporter-output>
          </reporter-output>
        </test-method> <!-- adminModule1 -->
        <test-method status="PASS" signature="adminModule2()[pri:0, instance:com.orangehrmpluging.GroupTest@419c5f1a]" name="adminModule2" duration-ms="2" started-at="2020-12-08T05:44:33Z" finished-at="2020-12-08T05:44:33Z">
          <reporter-output>
          </reporter-output>
        </test-method> <!-- adminModule2 -->
        <test-method status="PASS" signature="leaveModule1()[pri:0, instance:com.orangehrmpluging.GroupTest@419c5f1a]" name="leaveModule1" duration-ms="2" started-at="2020-12-08T05:44:33Z" finished-at="2020-12-08T05:44:33Z">
          <reporter-output>
          </reporter-output>
        </test-method> <!-- leaveModule1 -->
        <test-method status="PASS" signature="leaveModule2()[pri:0, instance:com.orangehrmpluging.GroupTest@419c5f1a]" name="leaveModule2" duration-ms="1" started-at="2020-12-08T05:44:33Z" finished-at="2020-12-08T05:44:33Z">
          <reporter-output>
          </reporter-output>
        </test-method> <!-- leaveModule2 -->
      </class> <!-- com.orangehrmpluging.GroupTest -->
      <class name="com.orangehrmpluging.DataTest">
        <test-method status="FAIL" signature="dt(java.lang.String, java.lang.String)[pri:0, instance:com.orangehrmpluging.DataTest@769e7ee8]" name="dt" duration-ms="4054" started-at="2020-12-08T05:44:15Z" data-provider="dpTest" finished-at="2020-12-08T05:44:19Z">
          <params>
            <param index="0">
              <value>
                <![CDATA[test]]>
              </value>
            </param>
            <param index="1">
              <value>
                <![CDATA[test123]]>
              </value>
            </param>
          </params>
          <exception class="org.openqa.selenium.WebDriverException">
            <message>
              <![CDATA[unknown error: cannot determine loading status
from disconnected: received Inspector.detached event
  (Session info: chrome=87.0.4280.88)
Build info: version: '3.141.59', revision: 'e82be7d358', time: '2018-11-14T08:17:03'
System info: host: 'DESKTOP-VF27SS2', ip: '192.168.49.1', os.name: 'Windows 10', os.arch: 'amd64', os.version: '10.0', java.version: '1.8.0_261'
Driver info: org.openqa.selenium.chrome.ChromeDriver
Capabilities {acceptInsecureCerts: false, browserName: chrome, browserVersion: 87.0.4280.88, chrome: {chromedriverVersion: 86.0.4240.22 (398b0743353ff..., userDataDir: C:\Users\HP\AppData\Local\T...}, goog:chromeOptions: {debuggerAddress: localhost:58550}, javascriptEnabled: true, networkConnectionEnabled: false, pageLoadStrategy: normal, platform: WINDOWS, platformName: WINDOWS, proxy: Proxy(), setWindowRect: true, strictFileInteractability: false, timeouts: {implicit: 0, pageLoad: 300000, script: 30000}, unhandledPromptBehavior: dismiss and notify, webauthn:virtualAuthenticators: true}
Session ID: f97d1de804b582fc87be3151dcab0da1]]>
            </message>
            <full-stacktrace>
              <![CDATA[org.openqa.selenium.WebDriverException: unknown error: cannot determine loading status
from disconnected: received Inspector.detached event
  (Session info: chrome=87.0.4280.88)
Build info: version: '3.141.59', revision: 'e82be7d358', time: '2018-11-14T08:17:03'
System info: host: 'DESKTOP-VF27SS2', ip: '192.168.49.1', os.name: 'Windows 10', os.arch: 'amd64', os.version: '10.0', java.version: '1.8.0_261'
Driver info: org.openqa.selenium.chrome.ChromeDriver
Capabilities {acceptInsecureCerts: false, browserName: chrome, browserVersion: 87.0.4280.88, chrome: {chromedriverVersion: 86.0.4240.22 (398b0743353ff..., userDataDir: C:\Users\HP\AppData\Local\T...}, goog:chromeOptions: {debuggerAddress: localhost:58550}, javascriptEnabled: true, networkConnectionEnabled: false, pageLoadStrategy: normal, platform: WINDOWS, platformName: WINDOWS, proxy: Proxy(), setWindowRect: true, strictFileInteractability: false, timeouts: {implicit: 0, pageLoad: 300000, script: 30000}, unhandledPromptBehavior: dismiss and notify, webauthn:virtualAuthenticators: true}
Session ID: f97d1de804b582fc87be3151dcab0da1
at sun.reflect.NativeConstructorAccessorImpl.newInstance0(Native Method)
at sun.reflect.NativeConstructorAccessorImpl.newInstance(NativeConstructorAccessorImpl.java:62)
at sun.reflect.DelegatingConstructorAccessorImpl.newInstance(DelegatingConstructorAccessorImpl.java:45)
at java.lang.reflect.Constructor.newInstance(Constructor.java:423)
at org.openqa.selenium.remote.http.W3CHttpResponseCodec.createException(W3CHttpResponseCodec.java:187)
at org.openqa.selenium.remote.http.W3CHttpResponseCodec.decode(W3CHttpResponseCodec.java:122)
at org.openqa.selenium.remote.http.W3CHttpResponseCodec.decode(W3CHttpResponseCodec.java:49)
at org.openqa.selenium.remote.HttpCommandExecutor.execute(HttpCommandExecutor.java:158)
at org.openqa.selenium.remote.service.DriverCommandExecutor.execute(DriverCommandExecutor.java:83)
at org.openqa.selenium.remote.RemoteWebDriver.execute(RemoteWebDriver.java:552)
at org.openqa.selenium.remote.RemoteWebDriver.get(RemoteWebDriver.java:277)
at com.orangehrmpluging.DataTest.dt(DataTest.java:17)
at sun.reflect.NativeMethodAccessorImpl.invoke0(Native Method)
at sun.reflect.NativeMethodAccessorImpl.invoke(NativeMethodAccessorImpl.java:62)
at sun.reflect.DelegatingMethodAccessorImpl.invoke(DelegatingMethodAccessorImpl.java:43)
at java.lang.reflect.Method.invoke(Method.java:498)
at org.testng.internal.MethodInvocationHelper.invokeMethod(MethodInvocationHelper.java:124)
at org.testng.internal.Invoker.invokeMethod(Invoker.java:583)
at org.testng.internal.Invoker.invokeTestMethod(Invoker.java:719)
at org.testng.internal.Invoker.invokeTestMethods(Invoker.java:989)
at org.testng.internal.TestMethodWorker.invokeTestMethods(TestMethodWorker.java:125)
at org.testng.internal.TestMethodWorker.run(TestMethodWorker.java:109)
at org.testng.TestRunner.privateRun(TestRunner.java:648)
at org.testng.TestRunner.run(TestRunner.java:505)
at org.testng.SuiteRunner.runTest(SuiteRunner.java:455)
at org.testng.SuiteRunner.runSequentially(SuiteRunner.java:450)
at org.testng.SuiteRunner.privateRun(SuiteRunner.java:415)
at org.testng.SuiteRunner.run(SuiteRunner.java:364)
at org.testng.SuiteRunnerWorker.runSuite(SuiteRunnerWorker.java:52)
at org.testng.SuiteRunnerWorker.run(SuiteRunnerWorker.java:84)
at org.testng.TestNG.runSuitesSequentially(TestNG.java:1208)
at org.testng.TestNG.runSuitesLocally(TestNG.java:1137)
at org.testng.TestNG.runSuites(TestNG.java:1049)
at org.testng.TestNG.run(TestNG.java:1017)
at org.testng.remote.AbstractRemoteTestNG.run(AbstractRemoteTestNG.java:115)
at org.testng.remote.RemoteTestNG.initAndRun(RemoteTestNG.java:251)
at org.testng.remote.RemoteTestNG.main(RemoteTestNG.java:77)
]]>
            </full-stacktrace>
          </exception> <!-- org.openqa.selenium.WebDriverException -->
          <reporter-output>
          </reporter-output>
        </test-method> <!-- dt -->
        <test-method status="FAIL" signature="dt(java.lang.String, java.lang.String)[pri:0, instance:com.orangehrmpluging.DataTest@769e7ee8]" name="dt" duration-ms="14185" started-at="2020-12-08T05:44:19Z" data-provider="dpTest" finished-at="2020-12-08T05:44:33Z">
          <params>
            <param index="0">
              <value>
                <![CDATA[Admin]]>
              </value>
            </param>
            <param index="1">
              <value>
                <![CDATA[admin123]]>
              </value>
            </param>
          </params>
          <exception class="org.openqa.selenium.SessionNotCreatedException">
            <message>
              <![CDATA[session not created
from chrome not reachable
  (Session info: chrome=87.0.4280.88)
Build info: version: '3.141.59', revision: 'e82be7d358', time: '2018-11-14T08:17:03'
System info: host: 'DESKTOP-VF27SS2', ip: '192.168.49.1', os.name: 'Windows 10', os.arch: 'amd64', os.version: '10.0', java.version: '1.8.0_261'
Driver info: driver.version: ChromeDriver
remote stacktrace: Backtrace:
Ordinal0 [0x009BC013+3194899]
Ordinal0 [0x008A6021+2056225]
Ordinal0 [0x0073F4B0+586928]
Ordinal0 [0x00735894+546964]
Ordinal0 [0x00735F2C+548652]
Ordinal0 [0x00737175+553333]
Ordinal0 [0x0073241E+533534]
Ordinal0 [0x00740620+591392]
Ordinal0 [0x006E2A0C+207372]
Ordinal0 [0x006E1D0D+204045]
Ordinal0 [0x006DFC1B+195611]
Ordinal0 [0x006C3B7F+80767]
Ordinal0 [0x006C4B4E+84814]
Ordinal0 [0x006C4AD9+84697]
Ordinal0 [0x008BCE64+2149988]
GetHandleVerifier [0x00B2BE95+1400773]
GetHandleVerifier [0x00B2BB61+1399953]
GetHandleVerifier [0x00B331FA+1430314]
GetHandleVerifier [0x00B2C69F+1402831]
Ordinal0 [0x008B3D61+2112865]
Ordinal0 [0x008BE5CB+2155979]
Ordinal0 [0x008BE6F5+2156277]
Ordinal0 [0x008CF26E+2224750]
BaseThreadInitThunk [0x75856359+25]
RtlGetAppContainerNamedObjectPath [0x77AA8944+228]
RtlGetAppContainerNamedObjectPath [0x77AA8914+180]
]]>
            </message>
            <full-stacktrace>
              <![CDATA[org.openqa.selenium.SessionNotCreatedException: session not created
from chrome not reachable
  (Session info: chrome=87.0.4280.88)
Build info: version: '3.141.59', revision: 'e82be7d358', time: '2018-11-14T08:17:03'
System info: host: 'DESKTOP-VF27SS2', ip: '192.168.49.1', os.name: 'Windows 10', os.arch: 'amd64', os.version: '10.0', java.version: '1.8.0_261'
Driver info: driver.version: ChromeDriver
remote stacktrace: Backtrace:
Ordinal0 [0x009BC013+3194899]
Ordinal0 [0x008A6021+2056225]
Ordinal0 [0x0073F4B0+586928]
Ordinal0 [0x00735894+546964]
Ordinal0 [0x00735F2C+548652]
Ordinal0 [0x00737175+553333]
Ordinal0 [0x0073241E+533534]
Ordinal0 [0x00740620+591392]
Ordinal0 [0x006E2A0C+207372]
Ordinal0 [0x006E1D0D+204045]
Ordinal0 [0x006DFC1B+195611]
Ordinal0 [0x006C3B7F+80767]
Ordinal0 [0x006C4B4E+84814]
Ordinal0 [0x006C4AD9+84697]
Ordinal0 [0x008BCE64+2149988]
GetHandleVerifier [0x00B2BE95+1400773]
GetHandleVerifier [0x00B2BB61+1399953]
GetHandleVerifier [0x00B331FA+1430314]
GetHandleVerifier [0x00B2C69F+1402831]
Ordinal0 [0x008B3D61+2112865]
Ordinal0 [0x008BE5CB+2155979]
Ordinal0 [0x008BE6F5+2156277]
Ordinal0 [0x008CF26E+2224750]
BaseThreadInitThunk [0x75856359+25]
RtlGetAppContainerNamedObjectPath [0x77AA8944+228]
RtlGetAppContainerNamedObjectPath [0x77AA8914+180]

at sun.reflect.NativeConstructorAccessorImpl.newInstance0(Native Method)
at sun.reflect.NativeConstructorAccessorImpl.newInstance(NativeConstructorAccessorImpl.java:62)
at sun.reflect.DelegatingConstructorAccessorImpl.newInstance(DelegatingConstructorAccessorImpl.java:45)
at java.lang.reflect.Constructor.newInstance(Constructor.java:423)
at org.openqa.selenium.remote.W3CHandshakeResponse.lambda$errorHandler$0(W3CHandshakeResponse.java:62)
at org.openqa.selenium.remote.HandshakeResponse.lambda$getResponseFunction$0(HandshakeResponse.java:30)
at org.openqa.selenium.remote.ProtocolHandshake.lambda$createSession$0(ProtocolHandshake.java:126)
at java.util.stream.ReferencePipeline$3$1.accept(ReferencePipeline.java:193)
at java.util.Spliterators$ArraySpliterator.tryAdvance(Spliterators.java:958)
at java.util.stream.ReferencePipeline.forEachWithCancel(ReferencePipeline.java:126)
at java.util.stream.AbstractPipeline.copyIntoWithCancel(AbstractPipeline.java:499)
at java.util.stream.AbstractPipeline.copyInto(AbstractPipeline.java:486)
at java.util.stream.AbstractPipeline.wrapAndCopyInto(AbstractPipeline.java:472)
at java.util.stream.FindOps$FindOp.evaluateSequential(FindOps.java:152)
at java.util.stream.AbstractPipeline.evaluate(AbstractPipeline.java:234)
at java.util.stream.ReferencePipeline.findFirst(ReferencePipeline.java:464)
at org.openqa.selenium.remote.ProtocolHandshake.createSession(ProtocolHandshake.java:128)
at org.openqa.selenium.remote.ProtocolHandshake.createSession(ProtocolHandshake.java:74)
at org.openqa.selenium.remote.HttpCommandExecutor.execute(HttpCommandExecutor.java:136)
at org.openqa.selenium.remote.service.DriverCommandExecutor.execute(DriverCommandExecutor.java:83)
at org.openqa.selenium.remote.RemoteWebDriver.execute(RemoteWebDriver.java:552)
at org.openqa.selenium.remote.RemoteWebDriver.startSession(RemoteWebDriver.java:213)
at org.openqa.selenium.remote.RemoteWebDriver.<init>(RemoteWebDriver.java:131)
at org.openqa.selenium.chrome.ChromeDriver.<init>(ChromeDriver.java:181)
at org.openqa.selenium.chrome.ChromeDriver.<init>(ChromeDriver.java:168)
at org.openqa.selenium.chrome.ChromeDriver.<init>(ChromeDriver.java:123)
at com.orangehrmpluging.DataTest.dt(DataTest.java:16)
at sun.reflect.NativeMethodAccessorImpl.invoke0(Native Method)
at sun.reflect.NativeMethodAccessorImpl.invoke(NativeMethodAccessorImpl.java:62)
at sun.reflect.DelegatingMethodAccessorImpl.invoke(DelegatingMethodAccessorImpl.java:43)
at java.lang.reflect.Method.invoke(Method.java:498)
at org.testng.internal.MethodInvocationHelper.invokeMethod(MethodInvocationHelper.java:124)
at org.testng.internal.Invoker.invokeMethod(Invoker.java:583)
at org.testng.internal.Invoker.invokeTestMethod(Invoker.java:719)
at org.testng.internal.Invoker.invokeTestMethods(Invoker.java:989)
at org.testng.internal.TestMethodWorker.invokeTestMethods(TestMethodWorker.java:125)
at org.testng.internal.TestMethodWorker.run(TestMethodWorker.java:109)
at org.testng.TestRunner.privateRun(TestRunner.java:648)
at org.testng.TestRunner.run(TestRunner.java:505)
at org.testng.SuiteRunner.runTest(SuiteRunner.java:455)
at org.testng.SuiteRunner.runSequentially(SuiteRunner.java:450)
at org.testng.SuiteRunner.privateRun(SuiteRunner.java:415)
at org.testng.SuiteRunner.run(SuiteRunner.java:364)
at org.testng.SuiteRunnerWorker.runSuite(SuiteRunnerWorker.java:52)
at org.testng.SuiteRunnerWorker.run(SuiteRunnerWorker.java:84)
at org.testng.TestNG.runSuitesSequentially(TestNG.java:1208)
at org.testng.TestNG.runSuitesLocally(TestNG.java:1137)
at org.testng.TestNG.runSuites(TestNG.java:1049)
at org.testng.TestNG.run(TestNG.java:1017)
at org.testng.remote.AbstractRemoteTestNG.run(AbstractRemoteTestNG.java:115)
at org.testng.remote.RemoteTestNG.initAndRun(RemoteTestNG.java:251)
at org.testng.remote.RemoteTestNG.main(RemoteTestNG.java:77)
]]>
            </full-stacktrace>
          </exception> <!-- org.openqa.selenium.SessionNotCreatedException -->
          <reporter-output>
          </reporter-output>
        </test-method> <!-- dt -->
      </class> <!-- com.orangehrmpluging.DataTest -->
      <class name="com.orangehrmpluging.XmlTest">
        <test-method status="FAIL" signature="paraTest(java.lang.String, java.lang.String)[pri:0, instance:com.orangehrmpluging.XmlTest@12b0404f]" name="paraTest" duration-ms="0" started-at="2020-12-08T05:44:33Z" finished-at="2020-12-08T05:44:33Z">
          <exception class="org.testng.TestNGException">
            <message>
              <![CDATA[
Parameter 'uname' is required by @Test on method paraTest but has not been marked @Optional or defined
in C:\Users\HP\AppData\Local\Temp\testng-eclipse--1767541000\testng-customsuite.xml]]>
            </message>
            <full-stacktrace>
              <![CDATA[org.testng.TestNGException: 
Parameter 'uname' is required by @Test on method paraTest but has not been marked @Optional or defined
in C:\Users\HP\AppData\Local\Temp\testng-eclipse--1767541000\testng-customsuite.xml
at org.testng.internal.Parameters.createParams(Parameters.java:290)
at org.testng.internal.Parameters.createParametersForMethod(Parameters.java:359)
at org.testng.internal.Parameters.createParameters(Parameters.java:620)
at org.testng.internal.Parameters.handleParameters(Parameters.java:769)
at org.testng.internal.ParameterHandler.handleParameters(ParameterHandler.java:49)
at org.testng.internal.ParameterHandler.createParameters(ParameterHandler.java:37)
at org.testng.internal.Invoker.invokeTestMethods(Invoker.java:924)
at org.testng.internal.TestMethodWorker.invokeTestMethods(TestMethodWorker.java:125)
at org.testng.internal.TestMethodWorker.run(TestMethodWorker.java:109)
at org.testng.TestRunner.privateRun(TestRunner.java:648)
at org.testng.TestRunner.run(TestRunner.java:505)
at org.testng.SuiteRunner.runTest(SuiteRunner.java:455)
at org.testng.SuiteRunner.runSequentially(SuiteRunner.java:450)
at org.testng.SuiteRunner.privateRun(SuiteRunner.java:415)
at org.testng.SuiteRunner.run(SuiteRunner.java:364)
at org.testng.SuiteRunnerWorker.runSuite(SuiteRunnerWorker.java:52)
at org.testng.SuiteRunnerWorker.run(SuiteRunnerWorker.java:84)
at org.testng.TestNG.runSuitesSequentially(TestNG.java:1208)
at org.testng.TestNG.runSuitesLocally(TestNG.java:1137)
at org.testng.TestNG.runSuites(TestNG.java:1049)
at org.testng.TestNG.run(TestNG.java:1017)
at org.testng.remote.AbstractRemoteTestNG.run(AbstractRemoteTestNG.java:115)
at org.testng.remote.RemoteTestNG.initAndRun(RemoteTestNG.java:251)
at org.testng.remote.RemoteTestNG.main(RemoteTestNG.java:77)
]]>
            </full-stacktrace>
          </exception> <!-- org.testng.TestNGException -->
          <reporter-output>
          </reporter-output>
        </test-method> <!-- paraTest -->
      </class> <!-- com.orangehrmpluging.XmlTest -->
    </test> <!-- Default test -->
  </suite> <!-- Default suite -->
</testng-results>
