<?xml version="1.0" encoding="UTF-8"?>
<!-- Generated by org.testng.reporters.JUnitXMLReporter -->
<testsuite hostname="DESKTOP-VF27SS2" ignored="0" name="Command line test" tests="10" failures="1" timestamp="03 Nov 2020 18:07:13 GMT" time="82.326" errors="0">
  <testcase name="dt" time="12.215" classname="com.orangehrmpluging.DataTest"/>
  <testcase name="dt" time="30.843" classname="com.orangehrmpluging.DataTest"/>
  <testcase name="adminModule1" time="0.001" classname="com.orangehrmpluging.GroupTest"/>
  <testcase name="adminModule2" time="0.001" classname="com.orangehrmpluging.GroupTest"/>
  <testcase name="leaveModule1" time="0.001" classname="com.orangehrmpluging.GroupTest"/>
  <testcase name="leaveModule2" time="0.001" classname="com.orangehrmpluging.GroupTest"/>
  <testcase name="adminTest" time="1.928" classname="com.orangehrmpluging.TestsNGDemo"/>
  <testcase name="leaveTest" time="3.533" classname="com.orangehrmpluging.TestsNGDemo"/>
  <testcase name="pimTest" time="1.363" classname="com.orangehrmpluging.TestsNGDemo"/>
  <testcase name="paraTest" time="0.0" classname="com.orangehrmpluging.XmlTest">
    <failure type="org.testng.TestNGException" message="
Parameter &amp;apos;uname&amp;apos; is required by @Test on method paraTest but has not been marked @Optional or defined
">
      <![CDATA[org.testng.TestNGException: 
Parameter 'uname' is required by @Test on method paraTest but has not been marked @Optional or defined

... Removed 34 stack frames]]>
    </failure>
  </testcase> <!-- paraTest -->
</testsuite> <!-- Command line test -->
